#
# A fatal error has been detected by the Java Runtime Environment:
#
#  EXCEPTION_ACCESS_VIOLATION (0xc0000005) at pc=0x00007ffe696b3003, pid=14436, tid=6164
#
# JRE version: OpenJDK Runtime Environment JBR-11.0.9.11-1145.21-jcef (11.0.9+11) (build 11.0.9+11-b1145.21)
# Java VM: OpenJDK 64-Bit Server VM JBR-11.0.9.11-1145.21-jcef (11.0.9+11-b1145.21, mixed mode, tiered, compressed oops, g1 gc, windows-amd64)
# Problematic frame:
# V  [jvm.dll+0x373003]
#
# No core dump will be written. Minidumps are not enabled by default on client versions of Windows
#
# If you would like to submit a bug report, please visit:
#   https://bugreport.java.com/bugreport/crash.jsp
#

---------------  S U M M A R Y ------------

Command Line: org.jetbrains.git4idea.http.GitAskPassApp Username for 'http://git.techsure.cn:7070': 

Host: Intel(R) Core(TM) i7-8550U CPU @ 1.80GHz, 8 cores, 15G,  Windows 10 , 64 bit Build 18362 (10.0.18362.1110)
Time: Tue Jan  5 18:54:42 2021 ?D1¨²¡À¨º¡Á?¨º¡À?? elapsed time: 0.423157 seconds (0d 0h 0m 0s)

---------------  T H R E A D  ---------------

Current thread (0x00000160adfd8000):  JavaThread "main" [_thread_in_vm, id=6164, stack(0x0000001ffdd00000,0x0000001ffde00000)]

Stack: [0x0000001ffdd00000,0x0000001ffde00000],  sp=0x0000001ffddf8f40,  free space=995k
Native frames: (J=compiled Java code, j=interpreted, Vv=VM code, C=native code)
V  [jvm.dll+0x373003]
V  [jvm.dll+0x5ed2f2]
V  [jvm.dll+0x372e9e]
V  [jvm.dll+0x35b0ff]
V  [jvm.dll+0x35df1d]
V  [jvm.dll+0x35db68]
V  [jvm.dll+0x4e88f2]
V  [jvm.dll+0x4e7ec4]
V  [jvm.dll+0x4e787d]
V  [jvm.dll+0x36f1f0]
V  [jvm.dll+0x36ea88]
C  0x00000160b33cd54e

Java frames: (J=compiled Java code, j=interpreted, Vv=VM code)
j  java.lang.ref.Cleaner.<clinit>()V+7 java.base@11.0.9
v  ~StubRoutines::call_stub
j  jdk.internal.ref.CleanerFactory.<clinit>()V+7 java.base@11.0.9
v  ~StubRoutines::call_stub
j  java.util.zip.ZipFile$CleanableResource.<init>(Ljava/util/zip/ZipFile;Ljava/io/File;I)V+5 java.base@11.0.9
j  java.util.zip.ZipFile$CleanableResource.get(Ljava/util/zip/ZipFile;Ljava/io/File;I)Ljava/util/zip/ZipFile$CleanableResource;+66 java.base@11.0.9
j  java.util.zip.ZipFile.<init>(Ljava/io/File;ILjava/nio/charset/Charset;)V+113 java.base@11.0.9
j  java.util.zip.ZipFile.<init>(Ljava/io/File;I)V+6 java.base@11.0.9
j  java.util.jar.JarFile.<init>(Ljava/io/File;ZILjava/lang/Runtime$Version;)V+3 java.base@11.0.9
j  jdk.internal.loader.URLClassPath$JarLoader.getJarFile(Ljava/net/URL;)Ljava/util/jar/JarFile;+56 java.base@11.0.9
j  jdk.internal.loader.URLClassPath$JarLoader$1.run()Ljava/lang/Void;+55 java.base@11.0.9
j  jdk.internal.loader.URLClassPath$JarLoader$1.run()Ljava/lang/Object;+1 java.base@11.0.9
v  ~StubRoutines::call_stub
j  java.security.AccessController.doPrivileged(Ljava/security/PrivilegedExceptionAction;Ljava/security/AccessControlContext;)Ljava/lang/Object;+0 java.base@11.0.9
j  jdk.internal.loader.URLClassPath$JarLoader.ensureOpen()V+19 java.base@11.0.9
j  jdk.internal.loader.URLClassPath$JarLoader.<init>(Ljava/net/URL;Ljava/net/URLStreamHandler;Ljava/util/HashMap;Ljava/security/AccessControlContext;)V+63 java.base@11.0.9
j  jdk.internal.loader.URLClassPath$3.run()Ljdk/internal/loader/URLClassPath$Loader;+168 java.base@11.0.9
j  jdk.internal.loader.URLClassPath$3.run()Ljava/lang/Object;+1 java.base@11.0.9
v  ~StubRoutines::call_stub
j  java.security.AccessController.doPrivileged(Ljava/security/PrivilegedExceptionAction;Ljava/security/AccessControlContext;)Ljava/lang/Object;+0 java.base@11.0.9
j  jdk.internal.loader.URLClassPath.getLoader(Ljava/net/URL;)Ljdk/internal/loader/URLClassPath$Loader;+13 java.base@11.0.9
j  jdk.internal.loader.URLClassPath.getLoader(I)Ljdk/internal/loader/URLClassPath$Loader;+81 java.base@11.0.9
j  jdk.internal.loader.URLClassPath.getResource(Ljava/lang/String;Z)Ljdk/internal/loader/Resource;+42 java.base@11.0.9
j  jdk.internal.loader.BuiltinClassLoader.findClassOnClassPathOrNull(Ljava/lang/String;)Ljava/lang/Class;+26 java.base@11.0.9
j  jdk.internal.loader.BuiltinClassLoader.loadClassOrNull(Ljava/lang/String;Z)Ljava/lang/Class;+111 java.base@11.0.9
j  jdk.internal.loader.BuiltinClassLoader.loadClass(Ljava/lang/String;Z)Ljava/lang/Class;+3 java.base@11.0.9
j  jdk.internal.loader.ClassLoaders$AppClassLoader.loadClass(Ljava/lang/String;Z)Ljava/lang/Class;+36 java.base@11.0.9
j  java.lang.ClassLoader.loadClass(Ljava/lang/String;)Ljava/lang/Class;+3 java.base@11.0.9
v  ~StubRoutines::call_stub
j  java.lang.Class.forName0(Ljava/lang/String;ZLjava/lang/ClassLoader;Ljava/lang/Class;)Ljava/lang/Class;+0 java.base@11.0.9
j  java.lang.Class.forName(Ljava/lang/String;ZLjava/lang/ClassLoader;)Ljava/lang/Class;+43 java.base@11.0.9
j  sun.launcher.LauncherHelper.loadMainClass(ILjava/lang/String;)Ljava/lang/Class;+93 java.base@11.0.9
j  sun.launcher.LauncherHelper.checkAndLoadMain(ZILjava/lang/String;)Ljava/lang/Class;+42 java.base@11.0.9
v  ~StubRoutines::call_stub

siginfo: EXCEPTION_ACCESS_VIOLATION (0xc0000005), writing address 0x0000001ffddf1f40


Register to memory mapping:

RIP=0x00007ffe696b3003 jvm.dll
RAX=0x0000000000000001 is an unknown value
RBX=0x0000001ffddf1f40 is pointing into the stack for thread: 0x00000160adfd8000
RCX=4096 is a compressed pointer to class: 0x0000000800001000
java.lang.Object {0x0000000800001008}
RDX=0x0 is NULL
RSP=0x0000001ffddf8f40 is pointing into the stack for thread: 0x00000160adfd8000
RBP=0x00000160adfd8000 is a thread
RSI=0x0 is NULL
RDI=0x0000001ffddf90e0 is pointing into the stack for thread: 0x00000160adfd8000
R8 =0x0000001ffddf8f40 is pointing into the stack for thread: 0x00000160adfd8000
R9 =0x00000160adfd8000 is a thread
R10=0x0000001ffddf90e0 is pointing into the stack for thread: 0x00000160adfd8000
R11=0x0000001ffddf90f0 is pointing into the stack for thread: 0x00000160adfd8000
R12=0x00000160b33bdae0 is at code_begin+0 in an Interpreter codelet
method entry point (kind = zerolocals)  [0x00000160b33bdae0, 0x00000160b33bdfe0]  1280 bytes
R13=0x0000001ffddf9100 is pointing into the stack for thread: 0x00000160adfd8000
R14=0x0000001ffddf90f0 is pointing into the stack for thread: 0x00000160adfd8000
R15=0x0 is NULL


Registers:
RAX=0x0000000000000001, RBX=0x0000001ffddf1f40, RCX=0x0000000000001000, RDX=0x0000000000000000
RSP=0x0000001ffddf8f40, RBP=0x00000160adfd8000, RSI=0x0000000000000000, RDI=0x0000001ffddf90e0
R8 =0x0000001ffddf8f40, R9 =0x00000160adfd8000, R10=0x0000001ffddf90e0, R11=0x0000001ffddf90f0
R12=0x00000160b33bdae0, R13=0x0000001ffddf9100, R14=0x0000001ffddf90f0, R15=0x0000000000000000
RIP=0x00007ffe696b3003, EFLAGS=0x0000000000010202

Top of Stack: (sp=0x0000001ffddf8f40)
0x0000001ffddf8f40:   0000001ffddf8f40 0000000000000000
0x0000001ffddf8f50:   00000160cf387450 00000160cf387418
0x0000001ffddf8f60:   0000000000000000 00000160cf3873c0
0x0000001ffddf8f70:   0000000000000000 00000160cf387568
0x0000001ffddf8f80:   0000001400000000 0000000000000000
0x0000001ffddf8f90:   0000000000000007 00000160adfd8840
0x0000001ffddf8fa0:   00000160adfd8000 00000160adec2850
0x0000001ffddf8fb0:   00000160adfd6900 00000160adfd6980
0x0000001ffddf8fc0:   00000160cf387970 00000000000000d8
0x0000001ffddf8fd0:   0000000000000000 0000000000000001
0x0000001ffddf8fe0:   0000000000000001 00000160adfd8000
0x0000001ffddf8ff0:   00000000000000b8 0000000000000000
0x0000001ffddf9000:   0000000000000000 00007ffe6944b46e
0x0000001ffddf9010:   0000000000000000 0000000000000000
0x0000001ffddf9020:   0000000000000000 00000000000000b8
0x0000001ffddf9030:   00000160adfd8000 00000160adfd8000 

Instructions: (pc=0x00007ffe696b3003)
0x00007ffe696b2f03:   c0 48 48 89 9c 24 10 01 00 00 4c 89 a4 24 d8 00
0x00007ffe696b2f13:   00 00 48 89 84 24 80 00 00 00 4c 8b 20 80 3d 17
0x00007ffe696b2f23:   8a 68 00 00 74 10 83 bd 98 04 00 00 00 74 07 48
0x00007ffe696b2f33:   8b 07 4c 8b 60 30 49 8b ce 4c 89 bc 24 d0 00 00
0x00007ffe696b2f43:   00 e8 c7 14 00 00 41 8b 0e 89 84 24 20 01 00 00
0x00007ffe696b2f53:   83 f9 0c 74 0a 83 f9 0d 74 05 45 32 ff eb 03 41
0x00007ffe696b2f63:   b7 01 48 8b 07 33 c9 8b 40 20 c1 e8 03 a8 01 75
0x00007ffe696b2f73:   19 49 8b 45 58 48 8b 00 48 89 84 24 28 01 00 00
0x00007ffe696b2f83:   48 89 84 24 88 00 00 00 eb 10 48 89 8c 24 90 00
0x00007ffe696b2f93:   00 00 48 89 8c 24 28 01 00 00 83 bd 00 04 00 00
0x00007ffe696b2fa3:   03 74 08 48 8b cd e8 b2 73 37 00 e8 cd a1 27 00
0x00007ffe696b2fb3:   4c 8b c0 48 8b d7 48 8b cd 48 8b d8 e8 4c f6 26
0x00007ffe696b2fc3:   00 84 c0 75 1d 4c 8b cf 48 8d 15 16 c4 4b 00 41
0x00007ffe696b2fd3:   b8 a4 01 00 00 48 8b cd e8 50 02 f5 ff e9 90 01
0x00007ffe696b2fe3:   00 00 48 63 0d ec 83 69 00 33 d2 48 8b 05 e3 5a
0x00007ffe696b2ff3:   6b 00 48 f7 f1 48 83 f8 01 72 0e 66 90 48 2b d9
0x00007ffe696b3003:   c6 03 00 48 83 e8 01 75 f4 48 85 f6 74 51 48 8b
0x00007ffe696b3013:   06 48 8b ce ff 90 88 00 00 00 84 c0 0f 84 77 01
0x00007ffe696b3023:   00 00 48 8b 06 48 8b ce ff 90 d8 00 00 00 48 89
0x00007ffe696b3033:   85 f0 03 00 00 48 8b 07 48 8b 48 08 48 3b 0d 8a
0x00007ffe696b3043:   a7 67 00 73 12 48 3b 0d 79 a7 67 00 72 09 48 8b
0x00007ffe696b3053:   41 18 48 8b 08 eb 04 48 8b 49 18 4c 8b 61 18 4c
0x00007ffe696b3063:   8b 84 24 28 01 00 00 48 8d 4c 24 40 4d 8b ce 48
0x00007ffe696b3073:   89 6c 24 20 48 8b d7 e8 d1 fb ff ff 48 83 7d 08
0x00007ffe696b3083:   00 75 67 48 8b d5 48 8d 8c 24 98 00 00 00 e8 3a
0x00007ffe696b3093:   a1 fc ff 41 8b 5d 68 49 8b cd 48 8b 3f 48 8b 35
0x00007ffe696b30a3:   61 cd 69 00 e8 34 12 00 00 44 8b 84 24 20 01 00
0x00007ffe696b30b3:   00 49 8d 56 08 48 89 6c 24 38 48 8d 4c 24 40 89
0x00007ffe696b30c3:   5c 24 30 4c 8b cf 48 89 44 24 28 4c 89 64 24 20
0x00007ffe696b30d3:   ff d6 48 83 7d 08 00 0f 84 e1 00 00 00 48 8d 8c
0x00007ffe696b30e3:   24 98 00 00 00 e8 a3 9f fc ff 48 8b 4c 24 40 48
0x00007ffe696b30f3:   8b 44 24 48 4c 8b 89 e0 00 00 00 48 89 81 e0 00 


Stack slot to memory mapping:
stack at sp + 0 slots: 0x0000001ffddf8f40 is pointing into the stack for thread: 0x00000160adfd8000
stack at sp + 1 slots: 0x0 is NULL
stack at sp + 2 slots: 0x00000160cf387450 is pointing into metadata
stack at sp + 3 slots: 0x00000160cf387418 is pointing into metadata
stack at sp + 4 slots: 0x0 is NULL
stack at sp + 5 slots: 0x00000160cf3873c0 is pointing into metadata
stack at sp + 6 slots: 0x0 is NULL
stack at sp + 7 slots: {method} {0x00000160cf387570} 'getCleanerImpl' '(Ljava/lang/ref/Cleaner;)Ljdk/internal/ref/CleanerImpl;' in 'jdk/internal/ref/CleanerImpl'


---------------  P R O C E S S  ---------------

Threads class SMR info:
_java_thread_list=0x00000160cfaa2320, length=9, elements={
0x00000160adfd8000, 0x00000160cf03b800, 0x00000160cf03c800, 0x00000160cf958800,
0x00000160cf95a000, 0x00000160cf95c000, 0x00000160cf968000, 0x00000160cf96f000,
0x00000160cfabb800
}

Java Threads: ( => current thread )
=>0x00000160adfd8000 JavaThread "main" [_thread_in_vm, id=6164, stack(0x0000001ffdd00000,0x0000001ffde00000)]
  0x00000160cf03b800 JavaThread "Reference Handler" daemon [_thread_blocked, id=1208, stack(0x0000001ffe400000,0x0000001ffe500000)]
  0x00000160cf03c800 JavaThread "Finalizer" daemon [_thread_blocked, id=15072, stack(0x0000001ffe500000,0x0000001ffe600000)]
  0x00000160cf958800 JavaThread "Signal Dispatcher" daemon [_thread_blocked, id=16112, stack(0x0000001ffe600000,0x0000001ffe700000)]
  0x00000160cf95a000 JavaThread "Attach Listener" daemon [_thread_blocked, id=27344, stack(0x0000001ffe700000,0x0000001ffe800000)]
  0x00000160cf95c000 JavaThread "C2 CompilerThread0" daemon [_thread_blocked, id=7772, stack(0x0000001ffe800000,0x0000001ffe900000)]
  0x00000160cf968000 JavaThread "C1 CompilerThread0" daemon [_thread_blocked, id=11024, stack(0x0000001ffe900000,0x0000001ffea00000)]
  0x00000160cf96f000 JavaThread "Sweeper thread" daemon [_thread_blocked, id=27884, stack(0x0000001ffea00000,0x0000001ffeb00000)]
  0x00000160cfabb800 JavaThread "Service Thread" daemon [_thread_blocked, id=20868, stack(0x0000001ffeb00000,0x0000001ffec00000)]

Other Threads:
  0x00000160cf8f7000 VMThread "VM Thread" [stack: 0x0000001ffe300000,0x0000001ffe400000] [id=18348]
  0x00000160cfabc800 WatcherThread [stack: 0x0000001ffec00000,0x0000001ffed00000] [id=13496]
  0x00000160adfe9800 GCTaskThread "GC Thread#0" [stack: 0x0000001ffde00000,0x0000001ffdf00000] [id=12616]
  0x00000160ae048000 ConcurrentGCThread "G1 Main Marker" [stack: 0x0000001ffdf00000,0x0000001ffe000000] [id=7004]
  0x00000160ae04c800 ConcurrentGCThread "G1 Conc#0" [stack: 0x0000001ffe000000,0x0000001ffe100000] [id=5748]
  0x00000160cef1e000 ConcurrentGCThread "G1 Refine#0" [stack: 0x0000001ffe100000,0x0000001ffe200000] [id=4972]
  0x00000160cef1f000 ConcurrentGCThread "G1 Young RemSet Sampling" [stack: 0x0000001ffe200000,0x0000001ffe300000] [id=28676]

Threads with active compile tasks:

VM state:not at safepoint (normal execution)

VM Mutex/Monitor currently owned by a thread: None

Heap address: 0x0000000702400000, size: 4060 MB, Compressed Oops mode: Zero based, Oop shift amount: 3
Narrow klass base: 0x0000000800000000, Narrow klass shift: 0
Compressed class space size: 1073741824 Address: 0x0000000800000000

Heap:
 garbage-first heap   total 260096K, used 1024K [0x0000000702400000, 0x0000000800000000)
  region size 1024K, 2 young (2048K), 0 survivors (0K)
 Metaspace       used 3605K, capacity 4480K, committed 4480K, reserved 1056768K
  class space    used 310K, capacity 384K, committed 384K, reserved 1048576K
Heap Regions: E=young(eden), S=young(survivor), O=old, HS=humongous(starts), HC=humongous(continues), CS=collection set, F=free, A=archive, TAMS=top-at-mark-start (previous, next)
|   0|0x0000000702400000, 0x0000000702400000, 0x0000000702500000|  0%| F|  |TAMS 0x0000000702400000, 0x0000000702400000| Untracked 
|   1|0x0000000702500000, 0x0000000702500000, 0x0000000702600000|  0%| F|  |TAMS 0x0000000702500000, 0x0000000702500000| Untracked 
|   2|0x0000000702600000, 0x0000000702600000, 0x0000000702700000|  0%| F|  |TAMS 0x0000000702600000, 0x0000000702600000| Untracked 
|   3|0x0000000702700000, 0x0000000702700000, 0x0000000702800000|  0%| F|  |TAMS 0x0000000702700000, 0x0000000702700000| Untracked 
|   4|0x0000000702800000, 0x0000000702800000, 0x0000000702900000|  0%| F|  |TAMS 0x0000000702800000, 0x0000000702800000| Untracked 
|   5|0x0000000702900000, 0x0000000702900000, 0x0000000702a00000|  0%| F|  |TAMS 0x0000000702900000, 0x0000000702900000| Untracked 
|   6|0x0000000702a00000, 0x0000000702a00000, 0x0000000702b00000|  0%| F|  |TAMS 0x0000000702a00000, 0x0000000702a00000| Untracked 
|   7|0x0000000702b00000, 0x0000000702b00000, 0x0000000702c00000|  0%| F|  |TAMS 0x0000000702b00000, 0x0000000702b00000| Untracked 
|   8|0x0000000702c00000, 0x0000000702c00000, 0x0000000702d00000|  0%| F|  |TAMS 0x0000000702c00000, 0x0000000702c00000| Untracked 
|   9|0x0000000702d00000, 0x0000000702d00000, 0x0000000702e00000|  0%| F|  |TAMS 0x0000000702d00000, 0x0000000702d00000| Untracked 
|  10|0x0000000702e00000, 0x0000000702e00000, 0x0000000702f00000|  0%| F|  |TAMS 0x0000000702e00000, 0x0000000702e00000| Untracked 
|  11|0x0000000702f00000, 0x0000000702f00000, 0x0000000703000000|  0%| F|  |TAMS 0x0000000702f00000, 0x0000000702f00000| Untracked 
|  12|0x0000000703000000, 0x0000000703000000, 0x0000000703100000|  0%| F|  |TAMS 0x0000000703000000, 0x0000000703000000| Untracked 
|  13|0x0000000703100000, 0x0000000703100000, 0x0000000703200000|  0%| F|  |TAMS 0x0000000703100000, 0x0000000703100000| Untracked 
|  14|0x0000000703200000, 0x0000000703200000, 0x0000000703300000|  0%| F|  |TAMS 0x0000000703200000, 0x0000000703200000| Untracked 
|  15|0x0000000703300000, 0x0000000703300000, 0x0000000703400000|  0%| F|  |TAMS 0x0000000703300000, 0x0000000703300000| Untracked 
|  16|0x0000000703400000, 0x0000000703400000, 0x0000000703500000|  0%| F|  |TAMS 0x0000000703400000, 0x0000000703400000| Untracked 
|  17|0x0000000703500000, 0x0000000703500000, 0x0000000703600000|  0%| F|  |TAMS 0x0000000703500000, 0x0000000703500000| Untracked 
|  18|0x0000000703600000, 0x0000000703600000, 0x0000000703700000|  0%| F|  |TAMS 0x0000000703600000, 0x0000000703600000| Untracked 
|  19|0x0000000703700000, 0x0000000703700000, 0x0000000703800000|  0%| F|  |TAMS 0x0000000703700000, 0x0000000703700000| Untracked 
|  20|0x0000000703800000, 0x0000000703800000, 0x0000000703900000|  0%| F|  |TAMS 0x0000000703800000, 0x0000000703800000| Untracked 
|  21|0x0000000703900000, 0x0000000703900000, 0x0000000703a00000|  0%| F|  |TAMS 0x0000000703900000, 0x0000000703900000| Untracked 
|  22|0x0000000703a00000, 0x0000000703a00000, 0x0000000703b00000|  0%| F|  |TAMS 0x0000000703a00000, 0x0000000703a00000| Untracked 
|  23|0x0000000703b00000, 0x0000000703b00000, 0x0000000703c00000|  0%| F|  |TAMS 0x0000000703b00000, 0x0000000703b00000| Untracked 
|  24|0x0000000703c00000, 0x0000000703c00000, 0x0000000703d00000|  0%| F|  |TAMS 0x0000000703c00000, 0x0000000703c00000| Untracked 
|  25|0x0000000703d00000, 0x0000000703d00000, 0x0000000703e00000|  0%| F|  |TAMS 0x0000000703d00000, 0x0000000703d00000| Untracked 
|  26|0x0000000703e00000, 0x0000000703e00000, 0x0000000703f00000|  0%| F|  |TAMS 0x0000000703e00000, 0x0000000703e00000| Untracked 
|  27|0x0000000703f00000, 0x0000000703f00000, 0x0000000704000000|  0%| F|  |TAMS 0x0000000703f00000, 0x0000000703f00000| Untracked 
|  28|0x0000000704000000, 0x0000000704000000, 0x0000000704100000|  0%| F|  |TAMS 0x0000000704000000, 0x0000000704000000| Untracked 
|  29|0x0000000704100000, 0x0000000704100000, 0x0000000704200000|  0%| F|  |TAMS 0x0000000704100000, 0x0000000704100000| Untracked 
|  30|0x0000000704200000, 0x0000000704200000, 0x0000000704300000|  0%| F|  |TAMS 0x0000000704200000, 0x0000000704200000| Untracked 
|  31|0x0000000704300000, 0x0000000704300000, 0x0000000704400000|  0%| F|  |TAMS 0x0000000704300000, 0x0000000704300000| Untracked 
|  32|0x0000000704400000, 0x0000000704400000, 0x0000000704500000|  0%| F|  |TAMS 0x0000000704400000, 0x0000000704400000| Untracked 
|  33|0x0000000704500000, 0x0000000704500000, 0x0000000704600000|  0%| F|  |TAMS 0x0000000704500000, 0x0000000704500000| Untracked 
|  34|0x0000000704600000, 0x0000000704600000, 0x0000000704700000|  0%| F|  |TAMS 0x0000000704600000, 0x0000000704600000| Untracked 
|  35|0x0000000704700000, 0x0000000704700000, 0x0000000704800000|  0%| F|  |TAMS 0x0000000704700000, 0x0000000704700000| Untracked 
|  36|0x0000000704800000, 0x0000000704800000, 0x0000000704900000|  0%| F|  |TAMS 0x0000000704800000, 0x0000000704800000| Untracked 
|  37|0x0000000704900000, 0x0000000704900000, 0x0000000704a00000|  0%| F|  |TAMS 0x0000000704900000, 0x0000000704900000| Untracked 
|  38|0x0000000704a00000, 0x0000000704a00000, 0x0000000704b00000|  0%| F|  |TAMS 0x0000000704a00000, 0x0000000704a00000| Untracked 
|  39|0x0000000704b00000, 0x0000000704b00000, 0x0000000704c00000|  0%| F|  |TAMS 0x0000000704b00000, 0x0000000704b00000| Untracked 
|  40|0x0000000704c00000, 0x0000000704c00000, 0x0000000704d00000|  0%| F|  |TAMS 0x0000000704c00000, 0x0000000704c00000| Untracked 
|  41|0x0000000704d00000, 0x0000000704d00000, 0x0000000704e00000|  0%| F|  |TAMS 0x0000000704d00000, 0x0000000704d00000| Untracked 
|  42|0x0000000704e00000, 0x0000000704e00000, 0x0000000704f00000|  0%| F|  |TAMS 0x0000000704e00000, 0x0000000704e00000| Untracked 
|  43|0x0000000704f00000, 0x0000000704f00000, 0x0000000705000000|  0%| F|  |TAMS 0x0000000704f00000, 0x0000000704f00000| Untracked 
|  44|0x0000000705000000, 0x0000000705000000, 0x0000000705100000|  0%| F|  |TAMS 0x0000000705000000, 0x0000000705000000| Untracked 
|  45|0x0000000705100000, 0x0000000705100000, 0x0000000705200000|  0%| F|  |TAMS 0x0000000705100000, 0x0000000705100000| Untracked 
|  46|0x0000000705200000, 0x0000000705200000, 0x0000000705300000|  0%| F|  |TAMS 0x0000000705200000, 0x0000000705200000| Untracked 
|  47|0x0000000705300000, 0x0000000705300000, 0x0000000705400000|  0%| F|  |TAMS 0x0000000705300000, 0x0000000705300000| Untracked 
|  48|0x0000000705400000, 0x0000000705400000, 0x0000000705500000|  0%| F|  |TAMS 0x0000000705400000, 0x0000000705400000| Untracked 
|  49|0x0000000705500000, 0x0000000705500000, 0x0000000705600000|  0%| F|  |TAMS 0x0000000705500000, 0x0000000705500000| Untracked 
|  50|0x0000000705600000, 0x0000000705600000, 0x0000000705700000|  0%| F|  |TAMS 0x0000000705600000, 0x0000000705600000| Untracked 
|  51|0x0000000705700000, 0x0000000705700000, 0x0000000705800000|  0%| F|  |TAMS 0x0000000705700000, 0x0000000705700000| Untracked 
|  52|0x0000000705800000, 0x0000000705800000, 0x0000000705900000|  0%| F|  |TAMS 0x0000000705800000, 0x0000000705800000| Untracked 
|  53|0x0000000705900000, 0x0000000705900000, 0x0000000705a00000|  0%| F|  |TAMS 0x0000000705900000, 0x0000000705900000| Untracked 
|  54|0x0000000705a00000, 0x0000000705a00000, 0x0000000705b00000|  0%| F|  |TAMS 0x0000000705a00000, 0x0000000705a00000| Untracked 
|  55|0x0000000705b00000, 0x0000000705b00000, 0x0000000705c00000|  0%| F|  |TAMS 0x0000000705b00000, 0x0000000705b00000| Untracked 
|  56|0x0000000705c00000, 0x0000000705c00000, 0x0000000705d00000|  0%| F|  |TAMS 0x0000000705c00000, 0x0000000705c00000| Untracked 
|  57|0x0000000705d00000, 0x0000000705d00000, 0x0000000705e00000|  0%| F|  |TAMS 0x0000000705d00000, 0x0000000705d00000| Untracked 
|  58|0x0000000705e00000, 0x0000000705e00000, 0x0000000705f00000|  0%| F|  |TAMS 0x0000000705e00000, 0x0000000705e00000| Untracked 
|  59|0x0000000705f00000, 0x0000000705f00000, 0x0000000706000000|  0%| F|  |TAMS 0x0000000705f00000, 0x0000000705f00000| Untracked 
|  60|0x0000000706000000, 0x0000000706000000, 0x0000000706100000|  0%| F|  |TAMS 0x0000000706000000, 0x0000000706000000| Untracked 
|  61|0x0000000706100000, 0x0000000706100000, 0x0000000706200000|  0%| F|  |TAMS 0x0000000706100000, 0x0000000706100000| Untracked 
|  62|0x0000000706200000, 0x0000000706200000, 0x0000000706300000|  0%| F|  |TAMS 0x0000000706200000, 0x0000000706200000| Untracked 
|  63|0x0000000706300000, 0x0000000706300000, 0x0000000706400000|  0%| F|  |TAMS 0x0000000706300000, 0x0000000706300000| Untracked 
|  64|0x0000000706400000, 0x0000000706400000, 0x0000000706500000|  0%| F|  |TAMS 0x0000000706400000, 0x0000000706400000| Untracked 
|  65|0x0000000706500000, 0x0000000706500000, 0x0000000706600000|  0%| F|  |TAMS 0x0000000706500000, 0x0000000706500000| Untracked 
|  66|0x0000000706600000, 0x0000000706600000, 0x0000000706700000|  0%| F|  |TAMS 0x0000000706600000, 0x0000000706600000| Untracked 
|  67|0x0000000706700000, 0x0000000706700000, 0x0000000706800000|  0%| F|  |TAMS 0x0000000706700000, 0x0000000706700000| Untracked 
|  68|0x0000000706800000, 0x0000000706800000, 0x0000000706900000|  0%| F|  |TAMS 0x0000000706800000, 0x0000000706800000| Untracked 
|  69|0x0000000706900000, 0x0000000706900000, 0x0000000706a00000|  0%| F|  |TAMS 0x0000000706900000, 0x0000000706900000| Untracked 
|  70|0x0000000706a00000, 0x0000000706a00000, 0x0000000706b00000|  0%| F|  |TAMS 0x0000000706a00000, 0x0000000706a00000| Untracked 
|  71|0x0000000706b00000, 0x0000000706b00000, 0x0000000706c00000|  0%| F|  |TAMS 0x0000000706b00000, 0x0000000706b00000| Untracked 
|  72|0x0000000706c00000, 0x0000000706c00000, 0x0000000706d00000|  0%| F|  |TAMS 0x0000000706c00000, 0x0000000706c00000| Untracked 
|  73|0x0000000706d00000, 0x0000000706d00000, 0x0000000706e00000|  0%| F|  |TAMS 0x0000000706d00000, 0x0000000706d00000| Untracked 
|  74|0x0000000706e00000, 0x0000000706e00000, 0x0000000706f00000|  0%| F|  |TAMS 0x0000000706e00000, 0x0000000706e00000| Untracked 
|  75|0x0000000706f00000, 0x0000000706f00000, 0x0000000707000000|  0%| F|  |TAMS 0x0000000706f00000, 0x0000000706f00000| Untracked 
|  76|0x0000000707000000, 0x0000000707000000, 0x0000000707100000|  0%| F|  |TAMS 0x0000000707000000, 0x0000000707000000| Untracked 
|  77|0x0000000707100000, 0x0000000707100000, 0x0000000707200000|  0%| F|  |TAMS 0x0000000707100000, 0x0000000707100000| Untracked 
|  78|0x0000000707200000, 0x0000000707200000, 0x0000000707300000|  0%| F|  |TAMS 0x0000000707200000, 0x0000000707200000| Untracked 
|  79|0x0000000707300000, 0x0000000707300000, 0x0000000707400000|  0%| F|  |TAMS 0x0000000707300000, 0x0000000707300000| Untracked 
|  80|0x0000000707400000, 0x0000000707400000, 0x0000000707500000|  0%| F|  |TAMS 0x0000000707400000, 0x0000000707400000| Untracked 
|  81|0x0000000707500000, 0x0000000707500000, 0x0000000707600000|  0%| F|  |TAMS 0x0000000707500000, 0x0000000707500000| Untracked 
|  82|0x0000000707600000, 0x0000000707600000, 0x0000000707700000|  0%| F|  |TAMS 0x0000000707600000, 0x0000000707600000| Untracked 
|  83|0x0000000707700000, 0x0000000707700000, 0x0000000707800000|  0%| F|  |TAMS 0x0000000707700000, 0x0000000707700000| Untracked 
|  84|0x0000000707800000, 0x0000000707800000, 0x0000000707900000|  0%| F|  |TAMS 0x0000000707800000, 0x0000000707800000| Untracked 
|  85|0x0000000707900000, 0x0000000707900000, 0x0000000707a00000|  0%| F|  |TAMS 0x0000000707900000, 0x0000000707900000| Untracked 
|  86|0x0000000707a00000, 0x0000000707a00000, 0x0000000707b00000|  0%| F|  |TAMS 0x0000000707a00000, 0x0000000707a00000| Untracked 
|  87|0x0000000707b00000, 0x0000000707b00000, 0x0000000707c00000|  0%| F|  |TAMS 0x0000000707b00000, 0x0000000707b00000| Untracked 
|  88|0x0000000707c00000, 0x0000000707c00000, 0x0000000707d00000|  0%| F|  |TAMS 0x0000000707c00000, 0x0000000707c00000| Untracked 
|  89|0x0000000707d00000, 0x0000000707d00000, 0x0000000707e00000|  0%| F|  |TAMS 0x0000000707d00000, 0x0000000707d00000| Untracked 
|  90|0x0000000707e00000, 0x0000000707e00000, 0x0000000707f00000|  0%| F|  |TAMS 0x0000000707e00000, 0x0000000707e00000| Untracked 
|  91|0x0000000707f00000, 0x0000000707f00000, 0x0000000708000000|  0%| F|  |TAMS 0x0000000707f00000, 0x0000000707f00000| Untracked 
|  92|0x0000000708000000, 0x0000000708000000, 0x0000000708100000|  0%| F|  |TAMS 0x0000000708000000, 0x0000000708000000| Untracked 
|  93|0x0000000708100000, 0x0000000708100000, 0x0000000708200000|  0%| F|  |TAMS 0x0000000708100000, 0x0000000708100000| Untracked 
|  94|0x0000000708200000, 0x0000000708200000, 0x0000000708300000|  0%| F|  |TAMS 0x0000000708200000, 0x0000000708200000| Untracked 
|  95|0x0000000708300000, 0x0000000708300000, 0x0000000708400000|  0%| F|  |TAMS 0x0000000708300000, 0x0000000708300000| Untracked 
|  96|0x0000000708400000, 0x0000000708400000, 0x0000000708500000|  0%| F|  |TAMS 0x0000000708400000, 0x0000000708400000| Untracked 
|  97|0x0000000708500000, 0x0000000708500000, 0x0000000708600000|  0%| F|  |TAMS 0x0000000708500000, 0x0000000708500000| Untracked 
|  98|0x0000000708600000, 0x0000000708600000, 0x0000000708700000|  0%| F|  |TAMS 0x0000000708600000, 0x0000000708600000| Untracked 
|  99|0x0000000708700000, 0x0000000708700000, 0x0000000708800000|  0%| F|  |TAMS 0x0000000708700000, 0x0000000708700000| Untracked 
| 100|0x0000000708800000, 0x0000000708800000, 0x0000000708900000|  0%| F|  |TAMS 0x0000000708800000, 0x0000000708800000| Untracked 
| 101|0x0000000708900000, 0x0000000708900000, 0x0000000708a00000|  0%| F|  |TAMS 0x0000000708900000, 0x0000000708900000| Untracked 
| 102|0x0000000708a00000, 0x0000000708a00000, 0x0000000708b00000|  0%| F|  |TAMS 0x0000000708a00000, 0x0000000708a00000| Untracked 
| 103|0x0000000708b00000, 0x0000000708b00000, 0x0000000708c00000|  0%| F|  |TAMS 0x0000000708b00000, 0x0000000708b00000| Untracked 
| 104|0x0000000708c00000, 0x0000000708c00000, 0x0000000708d00000|  0%| F|  |TAMS 0x0000000708c00000, 0x0000000708c00000| Untracked 
| 105|0x0000000708d00000, 0x0000000708d00000, 0x0000000708e00000|  0%| F|  |TAMS 0x0000000708d00000, 0x0000000708d00000| Untracked 
| 106|0x0000000708e00000, 0x0000000708e00000, 0x0000000708f00000|  0%| F|  |TAMS 0x0000000708e00000, 0x0000000708e00000| Untracked 
| 107|0x0000000708f00000, 0x0000000708f00000, 0x0000000709000000|  0%| F|  |TAMS 0x0000000708f00000, 0x0000000708f00000| Untracked 
| 108|0x0000000709000000, 0x0000000709000000, 0x0000000709100000|  0%| F|  |TAMS 0x0000000709000000, 0x0000000709000000| Untracked 
| 109|0x0000000709100000, 0x0000000709100000, 0x0000000709200000|  0%| F|  |TAMS 0x0000000709100000, 0x0000000709100000| Untracked 
| 110|0x0000000709200000, 0x0000000709200000, 0x0000000709300000|  0%| F|  |TAMS 0x0000000709200000, 0x0000000709200000| Untracked 
| 111|0x0000000709300000, 0x0000000709300000, 0x0000000709400000|  0%| F|  |TAMS 0x0000000709300000, 0x0000000709300000| Untracked 
| 112|0x0000000709400000, 0x0000000709400000, 0x0000000709500000|  0%| F|  |TAMS 0x0000000709400000, 0x0000000709400000| Untracked 
| 113|0x0000000709500000, 0x0000000709500000, 0x0000000709600000|  0%| F|  |TAMS 0x0000000709500000, 0x0000000709500000| Untracked 
| 114|0x0000000709600000, 0x0000000709600000, 0x0000000709700000|  0%| F|  |TAMS 0x0000000709600000, 0x0000000709600000| Untracked 
| 115|0x0000000709700000, 0x0000000709700000, 0x0000000709800000|  0%| F|  |TAMS 0x0000000709700000, 0x0000000709700000| Untracked 
| 116|0x0000000709800000, 0x0000000709800000, 0x0000000709900000|  0%| F|  |TAMS 0x0000000709800000, 0x0000000709800000| Untracked 
| 117|0x0000000709900000, 0x0000000709900000, 0x0000000709a00000|  0%| F|  |TAMS 0x0000000709900000, 0x0000000709900000| Untracked 
| 118|0x0000000709a00000, 0x0000000709a00000, 0x0000000709b00000|  0%| F|  |TAMS 0x0000000709a00000, 0x0000000709a00000| Untracked 
| 119|0x0000000709b00000, 0x0000000709b00000, 0x0000000709c00000|  0%| F|  |TAMS 0x0000000709b00000, 0x0000000709b00000| Untracked 
| 120|0x0000000709c00000, 0x0000000709c00000, 0x0000000709d00000|  0%| F|  |TAMS 0x0000000709c00000, 0x0000000709c00000| Untracked 
| 121|0x0000000709d00000, 0x0000000709d00000, 0x0000000709e00000|  0%| F|  |TAMS 0x0000000709d00000, 0x0000000709d00000| Untracked 
| 122|0x0000000709e00000, 0x0000000709e00000, 0x0000000709f00000|  0%| F|  |TAMS 0x0000000709e00000, 0x0000000709e00000| Untracked 
| 123|0x0000000709f00000, 0x0000000709f00000, 0x000000070a000000|  0%| F|  |TAMS 0x0000000709f00000, 0x0000000709f00000| Untracked 
| 124|0x000000070a000000, 0x000000070a000000, 0x000000070a100000|  0%| F|  |TAMS 0x000000070a000000, 0x000000070a000000| Untracked 
| 125|0x000000070a100000, 0x000000070a100000, 0x000000070a200000|  0%| F|  |TAMS 0x000000070a100000, 0x000000070a100000| Untracked 
| 126|0x000000070a200000, 0x000000070a200000, 0x000000070a300000|  0%| F|  |TAMS 0x000000070a200000, 0x000000070a200000| Untracked 
| 127|0x000000070a300000, 0x000000070a300000, 0x000000070a400000|  0%| F|  |TAMS 0x000000070a300000, 0x000000070a300000| Untracked 
| 128|0x000000070a400000, 0x000000070a400000, 0x000000070a500000|  0%| F|  |TAMS 0x000000070a400000, 0x000000070a400000| Untracked 
| 129|0x000000070a500000, 0x000000070a500000, 0x000000070a600000|  0%| F|  |TAMS 0x000000070a500000, 0x000000070a500000| Untracked 
| 130|0x000000070a600000, 0x000000070a600000, 0x000000070a700000|  0%| F|  |TAMS 0x000000070a600000, 0x000000070a600000| Untracked 
| 131|0x000000070a700000, 0x000000070a700000, 0x000000070a800000|  0%| F|  |TAMS 0x000000070a700000, 0x000000070a700000| Untracked 
| 132|0x000000070a800000, 0x000000070a800000, 0x000000070a900000|  0%| F|  |TAMS 0x000000070a800000, 0x000000070a800000| Untracked 
| 133|0x000000070a900000, 0x000000070a900000, 0x000000070aa00000|  0%| F|  |TAMS 0x000000070a900000, 0x000000070a900000| Untracked 
| 134|0x000000070aa00000, 0x000000070aa00000, 0x000000070ab00000|  0%| F|  |TAMS 0x000000070aa00000, 0x000000070aa00000| Untracked 
| 135|0x000000070ab00000, 0x000000070ab00000, 0x000000070ac00000|  0%| F|  |TAMS 0x000000070ab00000, 0x000000070ab00000| Untracked 
| 136|0x000000070ac00000, 0x000000070ac00000, 0x000000070ad00000|  0%| F|  |TAMS 0x000000070ac00000, 0x000000070ac00000| Untracked 
| 137|0x000000070ad00000, 0x000000070ad00000, 0x000000070ae00000|  0%| F|  |TAMS 0x000000070ad00000, 0x000000070ad00000| Untracked 
| 138|0x000000070ae00000, 0x000000070ae00000, 0x000000070af00000|  0%| F|  |TAMS 0x000000070ae00000, 0x000000070ae00000| Untracked 
| 139|0x000000070af00000, 0x000000070af00000, 0x000000070b000000|  0%| F|  |TAMS 0x000000070af00000, 0x000000070af00000| Untracked 
| 140|0x000000070b000000, 0x000000070b000000, 0x000000070b100000|  0%| F|  |TAMS 0x000000070b000000, 0x000000070b000000| Untracked 
| 141|0x000000070b100000, 0x000000070b100000, 0x000000070b200000|  0%| F|  |TAMS 0x000000070b100000, 0x000000070b100000| Untracked 
| 142|0x000000070b200000, 0x000000070b200000, 0x000000070b300000|  0%| F|  |TAMS 0x000000070b200000, 0x000000070b200000| Untracked 
| 143|0x000000070b300000, 0x000000070b300000, 0x000000070b400000|  0%| F|  |TAMS 0x000000070b300000, 0x000000070b300000| Untracked 
| 144|0x000000070b400000, 0x000000070b400000, 0x000000070b500000|  0%| F|  |TAMS 0x000000070b400000, 0x000000070b400000| Untracked 
| 145|0x000000070b500000, 0x000000070b500000, 0x000000070b600000|  0%| F|  |TAMS 0x000000070b500000, 0x000000070b500000| Untracked 
| 146|0x000000070b600000, 0x000000070b600000, 0x000000070b700000|  0%| F|  |TAMS 0x000000070b600000, 0x000000070b600000| Untracked 
| 147|0x000000070b700000, 0x000000070b700000, 0x000000070b800000|  0%| F|  |TAMS 0x000000070b700000, 0x000000070b700000| Untracked 
| 148|0x000000070b800000, 0x000000070b800000, 0x000000070b900000|  0%| F|  |TAMS 0x000000070b800000, 0x000000070b800000| Untracked 
| 149|0x000000070b900000, 0x000000070b900000, 0x000000070ba00000|  0%| F|  |TAMS 0x000000070b900000, 0x000000070b900000| Untracked 
| 150|0x000000070ba00000, 0x000000070ba00000, 0x000000070bb00000|  0%| F|  |TAMS 0x000000070ba00000, 0x000000070ba00000| Untracked 
| 151|0x000000070bb00000, 0x000000070bb00000, 0x000000070bc00000|  0%| F|  |TAMS 0x000000070bb00000, 0x000000070bb00000| Untracked 
| 152|0x000000070bc00000, 0x000000070bc00000, 0x000000070bd00000|  0%| F|  |TAMS 0x000000070bc00000, 0x000000070bc00000| Untracked 
| 153|0x000000070bd00000, 0x000000070bd00000, 0x000000070be00000|  0%| F|  |TAMS 0x000000070bd00000, 0x000000070bd00000| Untracked 
| 154|0x000000070be00000, 0x000000070be00000, 0x000000070bf00000|  0%| F|  |TAMS 0x000000070be00000, 0x000000070be00000| Untracked 
| 155|0x000000070bf00000, 0x000000070bf00000, 0x000000070c000000|  0%| F|  |TAMS 0x000000070bf00000, 0x000000070bf00000| Untracked 
| 156|0x000000070c000000, 0x000000070c000000, 0x000000070c100000|  0%| F|  |TAMS 0x000000070c000000, 0x000000070c000000| Untracked 
| 157|0x000000070c100000, 0x000000070c100000, 0x000000070c200000|  0%| F|  |TAMS 0x000000070c100000, 0x000000070c100000| Untracked 
| 158|0x000000070c200000, 0x000000070c200000, 0x000000070c300000|  0%| F|  |TAMS 0x000000070c200000, 0x000000070c200000| Untracked 
| 159|0x000000070c300000, 0x000000070c300000, 0x000000070c400000|  0%| F|  |TAMS 0x000000070c300000, 0x000000070c300000| Untracked 
| 160|0x000000070c400000, 0x000000070c400000, 0x000000070c500000|  0%| F|  |TAMS 0x000000070c400000, 0x000000070c400000| Untracked 
| 161|0x000000070c500000, 0x000000070c500000, 0x000000070c600000|  0%| F|  |TAMS 0x000000070c500000, 0x000000070c500000| Untracked 
| 162|0x000000070c600000, 0x000000070c600000, 0x000000070c700000|  0%| F|  |TAMS 0x000000070c600000, 0x000000070c600000| Untracked 
| 163|0x000000070c700000, 0x000000070c700000, 0x000000070c800000|  0%| F|  |TAMS 0x000000070c700000, 0x000000070c700000| Untracked 
| 164|0x000000070c800000, 0x000000070c800000, 0x000000070c900000|  0%| F|  |TAMS 0x000000070c800000, 0x000000070c800000| Untracked 
| 165|0x000000070c900000, 0x000000070c900000, 0x000000070ca00000|  0%| F|  |TAMS 0x000000070c900000, 0x000000070c900000| Untracked 
| 166|0x000000070ca00000, 0x000000070ca00000, 0x000000070cb00000|  0%| F|  |TAMS 0x000000070ca00000, 0x000000070ca00000| Untracked 
| 167|0x000000070cb00000, 0x000000070cb00000, 0x000000070cc00000|  0%| F|  |TAMS 0x000000070cb00000, 0x000000070cb00000| Untracked 
| 168|0x000000070cc00000, 0x000000070cc00000, 0x000000070cd00000|  0%| F|  |TAMS 0x000000070cc00000, 0x000000070cc00000| Untracked 
| 169|0x000000070cd00000, 0x000000070cd00000, 0x000000070ce00000|  0%| F|  |TAMS 0x000000070cd00000, 0x000000070cd00000| Untracked 
| 170|0x000000070ce00000, 0x000000070ce00000, 0x000000070cf00000|  0%| F|  |TAMS 0x000000070ce00000, 0x000000070ce00000| Untracked 
| 171|0x000000070cf00000, 0x000000070cf00000, 0x000000070d000000|  0%| F|  |TAMS 0x000000070cf00000, 0x000000070cf00000| Untracked 
| 172|0x000000070d000000, 0x000000070d000000, 0x000000070d100000|  0%| F|  |TAMS 0x000000070d000000, 0x000000070d000000| Untracked 
| 173|0x000000070d100000, 0x000000070d100000, 0x000000070d200000|  0%| F|  |TAMS 0x000000070d100000, 0x000000070d100000| Untracked 
| 174|0x000000070d200000, 0x000000070d200000, 0x000000070d300000|  0%| F|  |TAMS 0x000000070d200000, 0x000000070d200000| Untracked 
| 175|0x000000070d300000, 0x000000070d300000, 0x000000070d400000|  0%| F|  |TAMS 0x000000070d300000, 0x000000070d300000| Untracked 
| 176|0x000000070d400000, 0x000000070d400000, 0x000000070d500000|  0%| F|  |TAMS 0x000000070d400000, 0x000000070d400000| Untracked 
| 177|0x000000070d500000, 0x000000070d500000, 0x000000070d600000|  0%| F|  |TAMS 0x000000070d500000, 0x000000070d500000| Untracked 
| 178|0x000000070d600000, 0x000000070d600000, 0x000000070d700000|  0%| F|  |TAMS 0x000000070d600000, 0x000000070d600000| Untracked 
| 179|0x000000070d700000, 0x000000070d700000, 0x000000070d800000|  0%| F|  |TAMS 0x000000070d700000, 0x000000070d700000| Untracked 
| 180|0x000000070d800000, 0x000000070d800000, 0x000000070d900000|  0%| F|  |TAMS 0x000000070d800000, 0x000000070d800000| Untracked 
| 181|0x000000070d900000, 0x000000070d900000, 0x000000070da00000|  0%| F|  |TAMS 0x000000070d900000, 0x000000070d900000| Untracked 
| 182|0x000000070da00000, 0x000000070da00000, 0x000000070db00000|  0%| F|  |TAMS 0x000000070da00000, 0x000000070da00000| Untracked 
| 183|0x000000070db00000, 0x000000070db00000, 0x000000070dc00000|  0%| F|  |TAMS 0x000000070db00000, 0x000000070db00000| Untracked 
| 184|0x000000070dc00000, 0x000000070dc00000, 0x000000070dd00000|  0%| F|  |TAMS 0x000000070dc00000, 0x000000070dc00000| Untracked 
| 185|0x000000070dd00000, 0x000000070dd00000, 0x000000070de00000|  0%| F|  |TAMS 0x000000070dd00000, 0x000000070dd00000| Untracked 
| 186|0x000000070de00000, 0x000000070de00000, 0x000000070df00000|  0%| F|  |TAMS 0x000000070de00000, 0x000000070de00000| Untracked 
| 187|0x000000070df00000, 0x000000070df00000, 0x000000070e000000|  0%| F|  |TAMS 0x000000070df00000, 0x000000070df00000| Untracked 
| 188|0x000000070e000000, 0x000000070e000000, 0x000000070e100000|  0%| F|  |TAMS 0x000000070e000000, 0x000000070e000000| Untracked 
| 189|0x000000070e100000, 0x000000070e100000, 0x000000070e200000|  0%| F|  |TAMS 0x000000070e100000, 0x000000070e100000| Untracked 
| 190|0x000000070e200000, 0x000000070e200000, 0x000000070e300000|  0%| F|  |TAMS 0x000000070e200000, 0x000000070e200000| Untracked 
| 191|0x000000070e300000, 0x000000070e300000, 0x000000070e400000|  0%| F|  |TAMS 0x000000070e300000, 0x000000070e300000| Untracked 
| 192|0x000000070e400000, 0x000000070e400000, 0x000000070e500000|  0%| F|  |TAMS 0x000000070e400000, 0x000000070e400000| Untracked 
| 193|0x000000070e500000, 0x000000070e500000, 0x000000070e600000|  0%| F|  |TAMS 0x000000070e500000, 0x000000070e500000| Untracked 
| 194|0x000000070e600000, 0x000000070e600000, 0x000000070e700000|  0%| F|  |TAMS 0x000000070e600000, 0x000000070e600000| Untracked 
| 195|0x000000070e700000, 0x000000070e700000, 0x000000070e800000|  0%| F|  |TAMS 0x000000070e700000, 0x000000070e700000| Untracked 
| 196|0x000000070e800000, 0x000000070e800000, 0x000000070e900000|  0%| F|  |TAMS 0x000000070e800000, 0x000000070e800000| Untracked 
| 197|0x000000070e900000, 0x000000070e900000, 0x000000070ea00000|  0%| F|  |TAMS 0x000000070e900000, 0x000000070e900000| Untracked 
| 198|0x000000070ea00000, 0x000000070ea00000, 0x000000070eb00000|  0%| F|  |TAMS 0x000000070ea00000, 0x000000070ea00000| Untracked 
| 199|0x000000070eb00000, 0x000000070eb00000, 0x000000070ec00000|  0%| F|  |TAMS 0x000000070eb00000, 0x000000070eb00000| Untracked 
| 200|0x000000070ec00000, 0x000000070ec00000, 0x000000070ed00000|  0%| F|  |TAMS 0x000000070ec00000, 0x000000070ec00000| Untracked 
| 201|0x000000070ed00000, 0x000000070ed00000, 0x000000070ee00000|  0%| F|  |TAMS 0x000000070ed00000, 0x000000070ed00000| Untracked 
| 202|0x000000070ee00000, 0x000000070ee00000, 0x000000070ef00000|  0%| F|  |TAMS 0x000000070ee00000, 0x000000070ee00000| Untracked 
| 203|0x000000070ef00000, 0x000000070ef00000, 0x000000070f000000|  0%| F|  |TAMS 0x000000070ef00000, 0x000000070ef00000| Untracked 
| 204|0x000000070f000000, 0x000000070f000000, 0x000000070f100000|  0%| F|  |TAMS 0x000000070f000000, 0x000000070f000000| Untracked 
| 205|0x000000070f100000, 0x000000070f100000, 0x000000070f200000|  0%| F|  |TAMS 0x000000070f100000, 0x000000070f100000| Untracked 
| 206|0x000000070f200000, 0x000000070f200000, 0x000000070f300000|  0%| F|  |TAMS 0x000000070f200000, 0x000000070f200000| Untracked 
| 207|0x000000070f300000, 0x000000070f300000, 0x000000070f400000|  0%| F|  |TAMS 0x000000070f300000, 0x000000070f300000| Untracked 
| 208|0x000000070f400000, 0x000000070f400000, 0x000000070f500000|  0%| F|  |TAMS 0x000000070f400000, 0x000000070f400000| Untracked 
| 209|0x000000070f500000, 0x000000070f500000, 0x000000070f600000|  0%| F|  |TAMS 0x000000070f500000, 0x000000070f500000| Untracked 
| 210|0x000000070f600000, 0x000000070f600000, 0x000000070f700000|  0%| F|  |TAMS 0x000000070f600000, 0x000000070f600000| Untracked 
| 211|0x000000070f700000, 0x000000070f700000, 0x000000070f800000|  0%| F|  |TAMS 0x000000070f700000, 0x000000070f700000| Untracked 
| 212|0x000000070f800000, 0x000000070f800000, 0x000000070f900000|  0%| F|  |TAMS 0x000000070f800000, 0x000000070f800000| Untracked 
| 213|0x000000070f900000, 0x000000070f900000, 0x000000070fa00000|  0%| F|  |TAMS 0x000000070f900000, 0x000000070f900000| Untracked 
| 214|0x000000070fa00000, 0x000000070fa00000, 0x000000070fb00000|  0%| F|  |TAMS 0x000000070fa00000, 0x000000070fa00000| Untracked 
| 215|0x000000070fb00000, 0x000000070fb00000, 0x000000070fc00000|  0%| F|  |TAMS 0x000000070fb00000, 0x000000070fb00000| Untracked 
| 216|0x000000070fc00000, 0x000000070fc00000, 0x000000070fd00000|  0%| F|  |TAMS 0x000000070fc00000, 0x000000070fc00000| Untracked 
| 217|0x000000070fd00000, 0x000000070fd00000, 0x000000070fe00000|  0%| F|  |TAMS 0x000000070fd00000, 0x000000070fd00000| Untracked 
| 218|0x000000070fe00000, 0x000000070fe00000, 0x000000070ff00000|  0%| F|  |TAMS 0x000000070fe00000, 0x000000070fe00000| Untracked 
| 219|0x000000070ff00000, 0x000000070ff00000, 0x0000000710000000|  0%| F|  |TAMS 0x000000070ff00000, 0x000000070ff00000| Untracked 
| 220|0x0000000710000000, 0x0000000710000000, 0x0000000710100000|  0%| F|  |TAMS 0x0000000710000000, 0x0000000710000000| Untracked 
| 221|0x0000000710100000, 0x0000000710100000, 0x0000000710200000|  0%| F|  |TAMS 0x0000000710100000, 0x0000000710100000| Untracked 
| 222|0x0000000710200000, 0x0000000710200000, 0x0000000710300000|  0%| F|  |TAMS 0x0000000710200000, 0x0000000710200000| Untracked 
| 223|0x0000000710300000, 0x0000000710300000, 0x0000000710400000|  0%| F|  |TAMS 0x0000000710300000, 0x0000000710300000| Untracked 
| 224|0x0000000710400000, 0x0000000710400000, 0x0000000710500000|  0%| F|  |TAMS 0x0000000710400000, 0x0000000710400000| Untracked 
| 225|0x0000000710500000, 0x0000000710500000, 0x0000000710600000|  0%| F|  |TAMS 0x0000000710500000, 0x0000000710500000| Untracked 
| 226|0x0000000710600000, 0x0000000710600000, 0x0000000710700000|  0%| F|  |TAMS 0x0000000710600000, 0x0000000710600000| Untracked 
| 227|0x0000000710700000, 0x0000000710700000, 0x0000000710800000|  0%| F|  |TAMS 0x0000000710700000, 0x0000000710700000| Untracked 
| 228|0x0000000710800000, 0x0000000710800000, 0x0000000710900000|  0%| F|  |TAMS 0x0000000710800000, 0x0000000710800000| Untracked 
| 229|0x0000000710900000, 0x0000000710900000, 0x0000000710a00000|  0%| F|  |TAMS 0x0000000710900000, 0x0000000710900000| Untracked 
| 230|0x0000000710a00000, 0x0000000710a00000, 0x0000000710b00000|  0%| F|  |TAMS 0x0000000710a00000, 0x0000000710a00000| Untracked 
| 231|0x0000000710b00000, 0x0000000710b00000, 0x0000000710c00000|  0%| F|  |TAMS 0x0000000710b00000, 0x0000000710b00000| Untracked 
| 232|0x0000000710c00000, 0x0000000710c00000, 0x0000000710d00000|  0%| F|  |TAMS 0x0000000710c00000, 0x0000000710c00000| Untracked 
| 233|0x0000000710d00000, 0x0000000710d00000, 0x0000000710e00000|  0%| F|  |TAMS 0x0000000710d00000, 0x0000000710d00000| Untracked 
| 234|0x0000000710e00000, 0x0000000710e00000, 0x0000000710f00000|  0%| F|  |TAMS 0x0000000710e00000, 0x0000000710e00000| Untracked 
| 235|0x0000000710f00000, 0x0000000710f00000, 0x0000000711000000|  0%| F|  |TAMS 0x0000000710f00000, 0x0000000710f00000| Untracked 
| 236|0x0000000711000000, 0x0000000711000000, 0x0000000711100000|  0%| F|  |TAMS 0x0000000711000000, 0x0000000711000000| Untracked 
| 237|0x0000000711100000, 0x0000000711100000, 0x0000000711200000|  0%| F|  |TAMS 0x0000000711100000, 0x0000000711100000| Untracked 
| 238|0x0000000711200000, 0x0000000711200000, 0x0000000711300000|  0%| F|  |TAMS 0x0000000711200000, 0x0000000711200000| Untracked 
| 239|0x0000000711300000, 0x0000000711300000, 0x0000000711400000|  0%| F|  |TAMS 0x0000000711300000, 0x0000000711300000| Untracked 
| 240|0x0000000711400000, 0x0000000711400000, 0x0000000711500000|  0%| F|  |TAMS 0x0000000711400000, 0x0000000711400000| Untracked 
| 241|0x0000000711500000, 0x0000000711500000, 0x0000000711600000|  0%| F|  |TAMS 0x0000000711500000, 0x0000000711500000| Untracked 
| 242|0x0000000711600000, 0x0000000711600000, 0x0000000711700000|  0%| F|  |TAMS 0x0000000711600000, 0x0000000711600000| Untracked 
| 243|0x0000000711700000, 0x0000000711700000, 0x0000000711800000|  0%| F|  |TAMS 0x0000000711700000, 0x0000000711700000| Untracked 
| 244|0x0000000711800000, 0x0000000711800000, 0x0000000711900000|  0%| F|  |TAMS 0x0000000711800000, 0x0000000711800000| Untracked 
| 245|0x0000000711900000, 0x0000000711900000, 0x0000000711a00000|  0%| F|  |TAMS 0x0000000711900000, 0x0000000711900000| Untracked 
| 246|0x0000000711a00000, 0x0000000711a00000, 0x0000000711b00000|  0%| F|  |TAMS 0x0000000711a00000, 0x0000000711a00000| Untracked 
| 247|0x0000000711b00000, 0x0000000711b00000, 0x0000000711c00000|  0%| F|  |TAMS 0x0000000711b00000, 0x0000000711b00000| Untracked 
| 248|0x0000000711c00000, 0x0000000711c00000, 0x0000000711d00000|  0%| F|  |TAMS 0x0000000711c00000, 0x0000000711c00000| Untracked 
| 249|0x0000000711d00000, 0x0000000711d00000, 0x0000000711e00000|  0%| F|  |TAMS 0x0000000711d00000, 0x0000000711d00000| Untracked 
| 250|0x0000000711e00000, 0x0000000711e00000, 0x0000000711f00000|  0%| F|  |TAMS 0x0000000711e00000, 0x0000000711e00000| Untracked 
| 251|0x0000000711f00000, 0x0000000711f00000, 0x0000000712000000|  0%| F|  |TAMS 0x0000000711f00000, 0x0000000711f00000| Untracked 
| 252|0x0000000712000000, 0x00000007120f6450, 0x0000000712100000| 96%| E|  |TAMS 0x0000000712000000, 0x0000000712000000| Complete 
| 253|0x0000000712100000, 0x0000000712200000, 0x0000000712200000|100%| E|CS|TAMS 0x0000000712100000, 0x0000000712100000| Complete 

Card table byte_map: [0x00000160c3600000,0x00000160c3df0000] _byte_map_base: 0x00000160bfdee000

Marking Bits (Prev, Next): (CMBitMap*) 0x00000160ae037538, (CMBitMap*) 0x00000160ae037570
 Prev Bits: [0x00000160c45e0000, 0x00000160c8550000)
 Next Bits: [0x00000160c8550000, 0x00000160cc4c0000)

Polling page: 0x00000160ade50000

Metaspace:

Usage:
  Non-class:      4.00 MB capacity,     3.22 MB ( 80%) used,   800.66 KB ( 20%) free+waste,    64 bytes ( <1%) overhead. 
      Class:    384.00 KB capacity,   310.45 KB ( 81%) used,    73.48 KB ( 19%) free+waste,    64 bytes ( <1%) overhead. 
       Both:      4.38 MB capacity,     3.52 MB ( 80%) used,   874.15 KB ( 20%) free+waste,   128 bytes ( <1%) overhead. 

Virtual space:
  Non-class space:        8.00 MB reserved,       4.00 MB ( 50%) committed 
      Class space:        1.00 GB reserved,     384.00 KB ( <1%) committed 
             Both:        1.01 GB reserved,       4.38 MB ( <1%) committed 

Chunk freelists:
   Non-Class:  0 bytes
       Class:  0 bytes
        Both:  0 bytes

MaxMetaspaceSize: 17179869184.00 GB
CompressedClassSpaceSize: 1.00 GB

CodeHeap 'non-profiled nmethods': size=120000Kb used=17Kb max_used=17Kb free=119982Kb
 bounds [0x00000160bae80000, 0x00000160bb0f0000, 0x00000160c23b0000]
CodeHeap 'profiled nmethods': size=120000Kb used=123Kb max_used=123Kb free=119876Kb
 bounds [0x00000160b3950000, 0x00000160b3bc0000, 0x00000160bae80000]
CodeHeap 'non-nmethods': size=5760Kb used=990Kb max_used=1002Kb free=4769Kb
 bounds [0x00000160b33b0000, 0x00000160b3620000, 0x00000160b3950000]
 total_blobs=331 nmethods=89 adapters=154
 compilation: enabled
              stopped_count=0, restarted_count=0
 full_count=0

Compilation events (20 events):
Event: 0.399 Thread 0x00000160cf968000 nmethod 80 0x00000160b396a990 code [0x00000160b396ac60, 0x00000160b396c1c8]
Event: 0.399 Thread 0x00000160cf968000   81       3       jdk.internal.module.ModuleBootstrap$2::hasNext (30 bytes)
Event: 0.399 Thread 0x00000160cf968000 nmethod 81 0x00000160b396c690 code [0x00000160b396c860, 0x00000160b396cb98]
Event: 0.399 Thread 0x00000160cf968000   82       3       jdk.internal.module.ModuleBootstrap$2::next (52 bytes)
Event: 0.400 Thread 0x00000160cf968000 nmethod 82 0x00000160b396cc90 code [0x00000160b396cea0, 0x00000160b396d3e8]
Event: 0.400 Thread 0x00000160cf968000   83       3       java.util.HashMap::putIfAbsent (13 bytes)
Event: 0.400 Thread 0x00000160cf968000 nmethod 83 0x00000160b396d590 code [0x00000160b396d760, 0x00000160b396da58]
Event: 0.400 Thread 0x00000160cf968000   85       1       java.lang.module.ModuleDescriptor::isOpen (5 bytes)
Event: 0.400 Thread 0x00000160cf968000 nmethod 85 0x00000160bae83890 code [0x00000160bae83a40, 0x00000160bae83af8]
Event: 0.404 Thread 0x00000160cf95c000 nmethod 77 0x00000160bae83b90 code [0x00000160bae83d20, 0x00000160bae83f58]
Event: 0.404 Thread 0x00000160cf95c000   78       4       java.util.ImmutableCollections$SetN$SetNIterator::hasNext (13 bytes)
Event: 0.405 Thread 0x00000160cf95c000 nmethod 78 0x00000160bae84090 code [0x00000160bae84220, 0x00000160bae84298]
Event: 0.405 Thread 0x00000160cf95c000   86       4       java.util.HashMap::afterNodeInsertion (1 bytes)
Event: 0.405 Thread 0x00000160cf95c000 nmethod 86 0x00000160bae84310 code [0x00000160bae844a0, 0x00000160bae844f8]
Event: 0.409 Thread 0x00000160cf968000   87       3       java.lang.StringBuilder::append (8 bytes)
Event: 0.410 Thread 0x00000160cf968000 nmethod 87 0x00000160b396db90 code [0x00000160b396dd40, 0x00000160b396de88]
Event: 0.410 Thread 0x00000160cf968000   88       3       java.lang.AbstractStringBuilder::append (77 bytes)
Event: 0.410 Thread 0x00000160cf968000 nmethod 88 0x00000160b396df10 code [0x00000160b396e140, 0x00000160b396e7c8]
Event: 0.410 Thread 0x00000160cf968000   89       3       java.io.WinNTFileSystem::isSlash (18 bytes)
Event: 0.411 Thread 0x00000160cf968000 nmethod 89 0x00000160b396ea10 code [0x00000160b396ebc0, 0x00000160b396ed58]

GC Heap History (0 events):
No events

Deoptimization events (4 events):
Event: 0.405 Thread 0x00000160adfd8000 Uncommon trap: trap_request=0xffffff4d fr.pc=0x00000160bae83f14 relative=0x00000000000001f4
Event: 0.405 Thread 0x00000160adfd8000 Uncommon trap: reason=unstable_if action=reinterpret pc=0x00000160bae83f14 method=java.lang.String.hashCode()I @ 14 c2
Event: 0.405 Thread 0x00000160adfd8000 DEOPT PACKING pc=0x00000160bae83f14 sp=0x0000001ffddfd400
Event: 0.405 Thread 0x00000160adfd8000 DEOPT UNPACKING pc=0x00000160b33d772f sp=0x0000001ffddfd398 mode 2

Classes redefined (0 events):
No events

Internal exceptions (0 events):
No events

Events (20 events):
Event: 0.411 loading class java/lang/Runtime$Version
Event: 0.411 loading class java/lang/Runtime$Version done
Event: 0.412 loading class java/util/zip/ZipCoder
Event: 0.412 loading class java/util/zip/ZipCoder done
Event: 0.412 loading class java/util/zip/ZipCoder$UTF8
Event: 0.412 loading class java/util/zip/ZipCoder$UTF8 done
Event: 0.412 loading class java/util/zip/ZipFile$CleanableResource
Event: 0.412 loading class java/util/zip/ZipFile$CleanableResource done
Event: 0.412 loading class jdk/internal/ref/CleanerFactory
Event: 0.412 loading class jdk/internal/ref/CleanerFactory done
Event: 0.412 loading class jdk/internal/ref/CleanerFactory$1
Event: 0.412 loading class java/util/concurrent/ThreadFactory
Event: 0.412 loading class java/util/concurrent/ThreadFactory done
Event: 0.412 loading class jdk/internal/ref/CleanerFactory$1 done
Event: 0.412 loading class java/lang/ref/Cleaner
Event: 0.412 loading class java/lang/ref/Cleaner done
Event: 0.412 loading class java/lang/ref/Cleaner$1
Event: 0.412 loading class java/lang/ref/Cleaner$1 done
Event: 0.412 loading class jdk/internal/ref/CleanerImpl
Event: 0.413 loading class jdk/internal/ref/CleanerImpl done


Dynamic libraries:
0x00007ff6fee50000 - 0x00007ff6fee5a000 	D:\software\IntelliJ IDEA 2020.3\jbr\bin\java.exe
0x00007ffeb3140000 - 0x00007ffeb3330000 	C:\WINDOWS\SYSTEM32\ntdll.dll
0x00007ffeb1500000 - 0x00007ffeb15b2000 	C:\WINDOWS\System32\KERNEL32.DLL
0x00007ffeb0d00000 - 0x00007ffeb0fa5000 	C:\WINDOWS\System32\KERNELBASE.dll
0x00007ffeb0840000 - 0x00007ffeb093a000 	C:\WINDOWS\System32\ucrtbase.dll
0x00007ffea8630000 - 0x00007ffea8649000 	D:\software\IntelliJ IDEA 2020.3\jbr\bin\jli.dll
0x00007ffea5210000 - 0x00007ffea5227000 	D:\software\IntelliJ IDEA 2020.3\jbr\bin\VCRUNTIME140.dll
0x00007ffeb2f60000 - 0x00007ffeb30f4000 	C:\WINDOWS\System32\USER32.dll
0x00007ffeb0b80000 - 0x00007ffeb0ba1000 	C:\WINDOWS\System32\win32u.dll
0x00007ffeb2bd0000 - 0x00007ffeb2bf6000 	C:\WINDOWS\System32\GDI32.dll
0x00007ffe93600000 - 0x00007ffe93884000 	C:\WINDOWS\WinSxS\amd64_microsoft.windows.common-controls_6595b64144ccf1df_6.0.18362.1256_none_9e7e379be45e40e2\COMCTL32.dll
0x00007ffeb1050000 - 0x00007ffeb11e6000 	C:\WINDOWS\System32\gdi32full.dll
0x00007ffeb2db0000 - 0x00007ffeb2e4e000 	C:\WINDOWS\System32\msvcrt.dll
0x00007ffeb0fb0000 - 0x00007ffeb104e000 	C:\WINDOWS\System32\msvcp_win.dll
0x00007ffeb2260000 - 0x00007ffeb2596000 	C:\WINDOWS\System32\combase.dll
0x00007ffeb1350000 - 0x00007ffeb1470000 	C:\WINDOWS\System32\RPCRT4.dll
0x00007ffeb0940000 - 0x00007ffeb09c1000 	C:\WINDOWS\System32\bcryptPrimitives.dll
0x00007ffeb28f0000 - 0x00007ffeb291e000 	C:\WINDOWS\System32\IMM32.DLL
0x00007ffe83c70000 - 0x00007ffe83d0d000 	D:\software\IntelliJ IDEA 2020.3\jbr\bin\msvcp140.dll
0x00007ffe69340000 - 0x00007ffe69e0e000 	D:\software\IntelliJ IDEA 2020.3\jbr\bin\server\jvm.dll
0x00007ffeb2a60000 - 0x00007ffeb2b03000 	C:\WINDOWS\System32\ADVAPI32.dll
0x00007ffeb1ce0000 - 0x00007ffeb1d77000 	C:\WINDOWS\System32\sechost.dll
0x00007ffeb15c0000 - 0x00007ffeb15c8000 	C:\WINDOWS\System32\PSAPI.DLL
0x00007ffe933b0000 - 0x00007ffe933b9000 	C:\WINDOWS\SYSTEM32\WSOCK32.dll
0x00007ffeb29f0000 - 0x00007ffeb2a5f000 	C:\WINDOWS\System32\WS2_32.dll
0x00007ffea4190000 - 0x00007ffea41b4000 	C:\WINDOWS\SYSTEM32\WINMM.dll
0x00007ffeaf100000 - 0x00007ffeaf10a000 	C:\WINDOWS\SYSTEM32\VERSION.dll
0x00007ffea4150000 - 0x00007ffea417d000 	C:\WINDOWS\SYSTEM32\WINMMBASE.dll
0x00007ffeb0a60000 - 0x00007ffeb0aaa000 	C:\WINDOWS\System32\cfgmgr32.dll
0x00007ffeb0040000 - 0x00007ffeb0051000 	C:\WINDOWS\System32\kernel.appcore.dll
0x00007ffea4e50000 - 0x00007ffea4e61000 	D:\software\IntelliJ IDEA 2020.3\jbr\bin\verify.dll
0x00007ffeae540000 - 0x00007ffeae734000 	C:\WINDOWS\SYSTEM32\DBGHELP.DLL
0x00007ffe9ddf0000 - 0x00007ffe9de1a000 	C:\WINDOWS\SYSTEM32\dbgcore.DLL
0x00007ffea4cb0000 - 0x00007ffea4cd9000 	D:\software\IntelliJ IDEA 2020.3\jbr\bin\java.dll
0x00007ffea9820000 - 0x00007ffea982b000 	D:\software\IntelliJ IDEA 2020.3\jbr\bin\jimage.dll
0x00007ffea4320000 - 0x00007ffea4338000 	D:\software\IntelliJ IDEA 2020.3\jbr\bin\zip.dll
0x00007ffeb15f0000 - 0x00007ffeb1cd7000 	C:\WINDOWS\System32\SHELL32.dll
0x00007ffeb2eb0000 - 0x00007ffeb2f59000 	C:\WINDOWS\System32\shcore.dll
0x00007ffeb00b0000 - 0x00007ffeb0831000 	C:\WINDOWS\System32\windows.storage.dll
0x00007ffeb0080000 - 0x00007ffeb00a3000 	C:\WINDOWS\System32\profapi.dll
0x00007ffeafff0000 - 0x00007ffeb003a000 	C:\WINDOWS\System32\powrprof.dll
0x00007ffeaffe0000 - 0x00007ffeafff0000 	C:\WINDOWS\System32\UMPDC.dll
0x00007ffeb2b10000 - 0x00007ffeb2b62000 	C:\WINDOWS\System32\shlwapi.dll
0x00007ffeb0ab0000 - 0x00007ffeb0ac7000 	C:\WINDOWS\System32\cryptsp.dll

dbghelp: loaded successfully - version: 4.0.5 - missing functions: none
symbol engine: initialized successfully - sym options: 0x614 - pdb path: .;D:\software\IntelliJ IDEA 2020.3\jbr\bin;C:\WINDOWS\SYSTEM32;C:\WINDOWS\WinSxS\amd64_microsoft.windows.common-controls_6595b64144ccf1df_6.0.18362.1256_none_9e7e379be45e40e2;D:\software\IntelliJ IDEA 2020.3\jbr\bin\server

VM Arguments:
java_command: org.jetbrains.git4idea.http.GitAskPassApp Username for 'http://git.techsure.cn:7070': 
java_class_path (initial): D:/software/IntelliJ IDEA 2020.3/plugins/git4idea/lib/git4idea-rt.jar;D:/software/IntelliJ IDEA 2020.3/lib/xmlrpc-2.0.1.jar;D:/software/IntelliJ IDEA 2020.3/lib/commons-codec-1.14.jar
Launcher Type: SUN_STANDARD

[Global flags]
     intx CICompilerCount                          = 4                                         {product} {ergonomic}
     uint ConcGCThreads                            = 2                                         {product} {ergonomic}
     uint G1ConcRefinementThreads                  = 8                                         {product} {ergonomic}
   size_t G1HeapRegionSize                         = 1048576                                   {product} {ergonomic}
    uintx GCDrainStackTargetSize                   = 64                                        {product} {ergonomic}
   size_t InitialHeapSize                          = 266338304                                 {product} {ergonomic}
   size_t MarkStackSize                            = 4194304                                   {product} {ergonomic}
   size_t MaxHeapSize                              = 4257218560                                {product} {ergonomic}
   size_t MaxNewSize                               = 2554331136                                {product} {ergonomic}
   size_t MinHeapDeltaBytes                        = 1048576                                   {product} {ergonomic}
    uintx NonNMethodCodeHeapSize                   = 5836300                                {pd product} {ergonomic}
    uintx NonProfiledCodeHeapSize                  = 122910970                              {pd product} {ergonomic}
    uintx ProfiledCodeHeapSize                     = 122910970                              {pd product} {ergonomic}
    uintx ReservedCodeCacheSize                    = 251658240                              {pd product} {ergonomic}
     bool SegmentedCodeCache                       = true                                      {product} {ergonomic}
     bool UseCompressedClassPointers               = true                                 {lp64_product} {ergonomic}
     bool UseCompressedOops                        = true                                 {lp64_product} {ergonomic}
     bool UseG1GC                                  = true                                      {product} {ergonomic}
     bool UseLargePagesIndividualAllocation        = false                                  {pd product} {ergonomic}

Logging:
Log output configuration:
 #0: stdout all=warning uptime,level,tags
 #1: stderr all=off uptime,level,tags

Environment Variables:
JAVA_HOME=D:\Program Files\Java\jdk1.8.0_111
PATH=D:\Program Files\Git\mingw64\libexec\git-core;D:\Program Files\Git\mingw64\libexec\git-core;D:\Program Files\Git\mingw64\bin;D:\Program Files\Git\usr\bin;C:\Users\89770\bin;D:\software\ftp;D:\Program Files (x86)\NetSarang\Xshell 6;C:\ProgramData\Oracle\Java\javapath;C:\Program Files (x86)\Intel\iCLS Client;C:\Program Files\Intel\iCLS Client;C:\WINDOWS\system32;C:\WINDOWS;C:\WINDOWS\System32\Wbem;C:\WINDOWS\System32\WindowsPowerShell\v1.0;C:\Program Files (x86)\Intel\Intel(R) Management Engine Components\DAL;C:\Program Files\Intel\Intel(R) Management Engine Components\DAL;C:\Program Files (x86)\Intel\Intel(R) Management Engine Components\IPT;C:\Program Files\Intel\Intel(R) Management Engine Components\IPT;D:\Program Files\Git\cmd;C:\WINDOWS\System32\OpenSSH;D:\software\apache-maven-3.6.0\bin;C:\Program Files\Intel\WiFi\bin;C:\Program Files\Common Files\Intel\WirelessCommon;.;D:\Program Files\Java\jdk1.8.0_111\lib;D:\node\node-global;D:\node;C:\ProgramData\chocolatey\bin;C:\VPN\bin;D:\software\mysql-5.7.28-winx64\bin;C:\Users\89770\AppData\Local\Microsoft\WindowsApps;D:\software\Microsoft VS Code\bin;C:\Users\89770\AppData\Roaming\npm
USERNAME=89770
DISPLAY=:0.0
LC_ALL=en_US.UTF-8
OS=Windows_NT
PROCESSOR_IDENTIFIER=Intel64 Family 6 Model 142 Stepping 10, GenuineIntel



---------------  S Y S T E M  ---------------

OS: Windows 10 , 64 bit Build 18362 (10.0.18362.1110)
OS uptime: 15 days 9:16 hours

CPU:total 8 (initial active 8) (4 cores per cpu, 2 threads per core) family 6 model 142 stepping 10, cmov, cx8, fxsr, mmx, sse, sse2, sse3, ssse3, sse4.1, sse4.2, popcnt, avx, avx2, aes, clmul, erms, 3dnowpref, lzcnt, ht, tsc, tscinvbit, bmi1, bmi2, adx, fma

Memory: 4k page, system-wide physical 16237M (3760M free)
TotalPageFile size 23459M (AvailPageFile size 1671M)
current process WorkingSet (physical memory assigned to process): 37M, peak: 37M
current process commit charge ("private bytes"): 334M, peak: 334M

vm_info: OpenJDK 64-Bit Server VM (11.0.9+11-b1145.21) for windows-amd64 JRE (11.0.9+11-b1145.21), built on Nov 21 2020 14:37:09 by "" with MS VC++ 14.0 (VS2015)

END.
